On branch main
Your branch is up to date with 'origin/main'.

nothing to commit, working tree clean
Everything up-to-date
On branch main
Your branch is up to date with 'origin/main'.

nothing to commit, working tree clean
Everything up-to-date
On branch main
Your branch is up to date with 'origin/main'.

nothing to commit, working tree clean
Everything up-to-date
[main 327de5e] Atualização do histórico de alertas em 2024-12-16 15:55:01
 1 file changed, 647 insertions(+), 83 deletions(-)
To github.com:Lguilherme99/alertas-zabbix.git
   757c1e2..327de5e  main -> main
[main cff9db9] Atualização do histórico de alertas em 2024-12-16 16:00:02
 1 file changed, 1521 insertions(+)
To github.com:Lguilherme99/alertas-zabbix.git
   327de5e..cff9db9  main -> main
[main 4225313] Atualização do histórico de alertas em 2024-12-16 16:05:01
 1 file changed, 2221 deletions(-)
To github.com:Lguilherme99/alertas-zabbix.git
   cff9db9..4225313  main -> main
[main 7aed884] Atualização do histórico de alertas em 2024-12-16 16:10:01
 1 file changed, 56 insertions(+)
To github.com:Lguilherme99/alertas-zabbix.git
   4225313..7aed884  main -> main
[main 5bf589d] Atualização do histórico de alertas em 2024-12-16 16:15:01
 1 file changed, 56 insertions(+), 56 deletions(-)
To github.com:Lguilherme99/alertas-zabbix.git
   7aed884..5bf589d  main -> main
On branch main
Your branch is up to date with 'origin/main'.

nothing to commit, working tree clean
Everything up-to-date
On branch main
Your branch is up to date with 'origin/main'.

nothing to commit, working tree clean
Everything up-to-date
On branch main
Your branch is up to date with 'origin/main'.

nothing to commit, working tree clean
Everything up-to-date
On branch main
Your branch is up to date with 'origin/main'.

nothing to commit, working tree clean
Everything up-to-date
[main 3a17c37] Atualização do histórico de alertas em 2024-12-16 16:40:01
 1 file changed, 1 insertion(+), 2 deletions(-)
To github.com:Lguilherme99/alertas-zabbix.git
   6501b5c..3a17c37  main -> main
On branch main
Your branch is up to date with 'origin/main'.

nothing to commit, working tree clean
Everything up-to-date
On branch main
Your branch is up to date with 'origin/main'.

nothing to commit, working tree clean
Everything up-to-date
On branch main
Your branch is up to date with 'origin/main'.

nothing to commit, working tree clean
Everything up-to-date
On branch main
Your branch is up to date with 'origin/main'.

nothing to commit, working tree clean
Everything up-to-date
On branch main
Your branch is up to date with 'origin/main'.

nothing to commit, working tree clean
Everything up-to-date
[main f440fb6] Atualização do histórico de alertas em 2024-12-16 17:10:01
 1 file changed, 1 insertion(+)
To github.com:Lguilherme99/alertas-zabbix.git
   3a17c37..f440fb6  main -> main
On branch main
Your branch is up to date with 'origin/main'.

nothing to commit, working tree clean
Everything up-to-date
On branch main
Your branch is up to date with 'origin/main'.

nothing to commit, working tree clean
Everything up-to-date
On branch main
Your branch is up to date with 'origin/main'.

nothing to commit, working tree clean
Everything up-to-date
On branch main
Your branch is up to date with 'origin/main'.

nothing to commit, working tree clean
Everything up-to-date
On branch main
Your branch is up to date with 'origin/main'.

nothing to commit, working tree clean
Everything up-to-date
[main c5d6fee] Atualização do histórico de alertas em 2024-12-16 17:40:01
 1 file changed, 256 insertions(+), 36 deletions(-)
To github.com:Lguilherme99/alertas-zabbix.git
   f440fb6..c5d6fee  main -> main
On branch main
Your branch is up to date with 'origin/main'.

nothing to commit, working tree clean
Everything up-to-date
On branch main
Your branch is up to date with 'origin/main'.

nothing to commit, working tree clean
Everything up-to-date
On branch main
Your branch is up to date with 'origin/main'.

nothing to commit, working tree clean
Everything up-to-date
On branch main
Your branch is up to date with 'origin/main'.

nothing to commit, working tree clean
Everything up-to-date
On branch main
Your branch is up to date with 'origin/main'.

nothing to commit, working tree clean
Everything up-to-date
On branch main
Your branch is up to date with 'origin/main'.

nothing to commit, working tree clean
Everything up-to-date
On branch main
Your branch is up to date with 'origin/main'.

nothing to commit, working tree clean
Everything up-to-date
On branch main
Your branch is up to date with 'origin/main'.

nothing to commit, working tree clean
Everything up-to-date
On branch main
Your branch is up to date with 'origin/main'.

nothing to commit, working tree clean
Everything up-to-date
On branch main
Your branch is up to date with 'origin/main'.

nothing to commit, working tree clean
Everything up-to-date
On branch main
Your branch is up to date with 'origin/main'.

nothing to commit, working tree clean
Everything up-to-date
On branch main
Your branch is up to date with 'origin/main'.

nothing to commit, working tree clean
Everything up-to-date
On branch main
Your branch is up to date with 'origin/main'.

nothing to commit, working tree clean
Everything up-to-date
On branch main
Your branch is up to date with 'origin/main'.

nothing to commit, working tree clean
Everything up-to-date
[main 2ec975f] Atualização do histórico de alertas em 2024-12-16 18:55:01
 1 file changed, 1 insertion(+)
To github.com:Lguilherme99/alertas-zabbix.git
 ! [rejected]        main -> main (fetch first)
error: failed to push some refs to 'github.com:Lguilherme99/alertas-zabbix.git'
hint: Updates were rejected because the remote contains work that you do not
hint: have locally. This is usually caused by another repository pushing to
hint: the same ref. If you want to integrate the remote changes, use
hint: 'git pull' before pushing again.
hint: See the 'Note about fast-forwards' in 'git push --help' for details.
On branch main
Your branch is ahead of 'origin/main' by 1 commit.
  (use "git push" to publish your local commits)

nothing to commit, working tree clean
To github.com:Lguilherme99/alertas-zabbix.git
 ! [rejected]        main -> main (fetch first)
error: failed to push some refs to 'github.com:Lguilherme99/alertas-zabbix.git'
hint: Updates were rejected because the remote contains work that you do not
hint: have locally. This is usually caused by another repository pushing to
hint: the same ref. If you want to integrate the remote changes, use
hint: 'git pull' before pushing again.
hint: See the 'Note about fast-forwards' in 'git push --help' for details.
On branch main
Your branch is ahead of 'origin/main' by 1 commit.
  (use "git push" to publish your local commits)

nothing to commit, working tree clean
To github.com:Lguilherme99/alertas-zabbix.git
 ! [rejected]        main -> main (fetch first)
error: failed to push some refs to 'github.com:Lguilherme99/alertas-zabbix.git'
hint: Updates were rejected because the remote contains work that you do not
hint: have locally. This is usually caused by another repository pushing to
hint: the same ref. If you want to integrate the remote changes, use
hint: 'git pull' before pushing again.
hint: See the 'Note about fast-forwards' in 'git push --help' for details.
[main 198c7e8] Atualização do histórico de alertas em 2024-12-16 19:10:01
 1 file changed, 2 insertions(+)
To github.com:Lguilherme99/alertas-zabbix.git
 ! [rejected]        main -> main (fetch first)
error: failed to push some refs to 'github.com:Lguilherme99/alertas-zabbix.git'
hint: Updates were rejected because the remote contains work that you do not
hint: have locally. This is usually caused by another repository pushing to
hint: the same ref. If you want to integrate the remote changes, use
hint: 'git pull' before pushing again.
hint: See the 'Note about fast-forwards' in 'git push --help' for details.
On branch main
Your branch is ahead of 'origin/main' by 2 commits.
  (use "git push" to publish your local commits)

nothing to commit, working tree clean
To github.com:Lguilherme99/alertas-zabbix.git
 ! [rejected]        main -> main (fetch first)
error: failed to push some refs to 'github.com:Lguilherme99/alertas-zabbix.git'
hint: Updates were rejected because the remote contains work that you do not
hint: have locally. This is usually caused by another repository pushing to
hint: the same ref. If you want to integrate the remote changes, use
hint: 'git pull' before pushing again.
hint: See the 'Note about fast-forwards' in 'git push --help' for details.
On branch main
Your branch is ahead of 'origin/main' by 4 commits.
  (use "git push" to publish your local commits)

nothing to commit, working tree clean
To github.com:Lguilherme99/alertas-zabbix.git
 ! [rejected]        main -> main (fetch first)
error: failed to push some refs to 'github.com:Lguilherme99/alertas-zabbix.git'
hint: Updates were rejected because the remote contains work that you do not
hint: have locally. This is usually caused by another repository pushing to
hint: the same ref. If you want to integrate the remote changes, use
hint: 'git pull' before pushing again.
hint: See the 'Note about fast-forwards' in 'git push --help' for details.
