Autenticando na API do Zabbix...
Login bem-sucedido!
Buscando todos os eventos nos últimos 2 dias...
136 eventos encontrados.
Salvando eventos no arquivo...
Eventos salvos com sucesso em /opt/API/Historico_alertas.txt
Autenticando na API do Zabbix...
Login bem-sucedido!
Buscando todos os eventos nos últimos 2 dias...
136 eventos encontrados.
Salvando eventos no arquivo...
Eventos salvos com sucesso em /opt/API/Historico_alertas.txt
Autenticando na API do Zabbix...
Login bem-sucedido!
Buscando todos os eventos nos últimos 2 dias...
132 eventos encontrados.
Salvando eventos no arquivo...
Eventos salvos com sucesso em /opt/API/Historico_alertas.txt
Autenticando na API do Zabbix...
Login bem-sucedido!
Buscando eventos de severidade High e Disaster...
2221 eventos encontrados.
Salvando eventos no arquivo...
Eventos salvos com sucesso em /opt/API/Historico_alertas.txt
Autenticando na API do Zabbix...
Login bem-sucedido!
Buscando eventos de severidade High e Disaster...
2222 eventos encontrados.
Salvando eventos no arquivo...
Eventos salvos com sucesso em /opt/API/Historico_alertas.txt
python3: can't open file '/opt/API/Zabbix_eventos_v2.py': [Errno 2] No such file or directory
Autenticando na API do Zabbix...
Login bem-sucedido!
Buscando eventos High e Disaster...
56 eventos encontrados.
Salvando eventos no arquivo...
Eventos salvos com sucesso em /opt/API/Historico_alertas.txt
Autenticando na API do Zabbix...
Login bem-sucedido!
Buscando eventos High e Disaster...
56 eventos encontrados.
Salvando eventos no arquivo...
Eventos salvos com sucesso em /opt/API/Historico_alertas.txt
Autenticando na API do Zabbix...
Login bem-sucedido!
Buscando eventos High e Disaster...
56 eventos encontrados.
Salvando eventos no arquivo...
Eventos salvos com sucesso em /opt/API/Historico_alertas.txt
Autenticando na API do Zabbix...
Login bem-sucedido!
Buscando eventos High e Disaster...
56 eventos encontrados.
Salvando eventos no arquivo...
Eventos salvos com sucesso em /opt/API/Historico_alertas.txt
Autenticando na API do Zabbix...
Login bem-sucedido!
Buscando eventos High e Disaster...
56 eventos encontrados.
Salvando eventos no arquivo...
Eventos salvos com sucesso em /opt/API/Historico_alertas.txt
Autenticando na API do Zabbix...
Login bem-sucedido!
Buscando eventos High e Disaster...
55 eventos encontrados.
Salvando eventos no arquivo...
Eventos salvos com sucesso em /opt/API/Historico_alertas.txt
Autenticando na API do Zabbix...
Login bem-sucedido!
Buscando eventos High e Disaster...
55 eventos encontrados.
Salvando eventos no arquivo...
Eventos salvos com sucesso em /opt/API/Historico_alertas.txt
Autenticando na API do Zabbix...
Login bem-sucedido!
Buscando eventos High e Disaster...
55 eventos encontrados.
Salvando eventos no arquivo...
Eventos salvos com sucesso em /opt/API/Historico_alertas.txt
Autenticando na API do Zabbix...
Login bem-sucedido!
Buscando eventos High e Disaster...
55 eventos encontrados.
Salvando eventos no arquivo...
Eventos salvos com sucesso em /opt/API/Historico_alertas.txt
Autenticando na API do Zabbix...
Login bem-sucedido!
Buscando eventos High e Disaster...
55 eventos encontrados.
Salvando eventos no arquivo...
Eventos salvos com sucesso em /opt/API/Historico_alertas.txt
Autenticando na API do Zabbix...
Login bem-sucedido!
Buscando eventos High e Disaster...
55 eventos encontrados.
Salvando eventos no arquivo...
Eventos salvos com sucesso em /opt/API/Historico_alertas.txt
Autenticando na API do Zabbix...
Login bem-sucedido!
Buscando eventos High e Disaster...
56 eventos encontrados.
Salvando eventos no arquivo...
Eventos salvos com sucesso em /opt/API/Historico_alertas.txt
Autenticando na API do Zabbix...
Login bem-sucedido!
Buscando eventos High e Disaster...
56 eventos encontrados.
Salvando eventos no arquivo...
Eventos salvos com sucesso em /opt/API/Historico_alertas.txt
Autenticando na API do Zabbix...
Login bem-sucedido!
Buscando eventos High e Disaster...
56 eventos encontrados.
Salvando eventos no arquivo...
Eventos salvos com sucesso em /opt/API/Historico_alertas.txt
Autenticando na API do Zabbix...
Login bem-sucedido!
Buscando eventos High e Disaster...
56 eventos encontrados.
Salvando eventos no arquivo...
Eventos salvos com sucesso em /opt/API/Historico_alertas.txt
Autenticando na API do Zabbix...
Login bem-sucedido!
Buscando eventos High e Disaster...
56 eventos encontrados.
Salvando eventos no arquivo...
Eventos salvos com sucesso em /opt/API/Historico_alertas.txt
Autenticando na API do Zabbix...
Login bem-sucedido!
Buscando eventos High e Disaster...
56 eventos encontrados.
Salvando eventos no arquivo...
Eventos salvos com sucesso em /opt/API/Historico_alertas.txt
Autenticando na API do Zabbix...
Login bem-sucedido!
Buscando eventos High e Disaster...
56 eventos encontrados.
Salvando eventos no arquivo...
Eventos salvos com sucesso em /opt/API/Historico_alertas.txt
Autenticando na API do Zabbix...
Login bem-sucedido!
Buscando eventos RESOLVED nos últimos 7 dias...
276 eventos encontrados.
Salvando eventos no arquivo...
Eventos salvos com sucesso em /opt/API/Historico_alertas.txt
Autenticando na API do Zabbix...
Login bem-sucedido!
Buscando eventos RESOLVED nos últimos 7 dias...
276 eventos encontrados.
Salvando eventos no arquivo...
Eventos salvos com sucesso em /opt/API/Historico_alertas.txt
Autenticando na API do Zabbix...
Login bem-sucedido!
Buscando eventos RESOLVED nos últimos 7 dias...
276 eventos encontrados.
Salvando eventos no arquivo...
Eventos salvos com sucesso em /opt/API/Historico_alertas.txt
Autenticando na API do Zabbix...
Login bem-sucedido!
Buscando eventos RESOLVED nos últimos 7 dias...
276 eventos encontrados.
Salvando eventos no arquivo...
Eventos salvos com sucesso em /opt/API/Historico_alertas.txt
Autenticando na API do Zabbix...
Login bem-sucedido!
Buscando eventos RESOLVED nos últimos 7 dias...
276 eventos encontrados.
Salvando eventos no arquivo...
Eventos salvos com sucesso em /opt/API/Historico_alertas.txt
Autenticando na API do Zabbix...
Login bem-sucedido!
Buscando eventos RESOLVED nos últimos 7 dias...
276 eventos encontrados.
Salvando eventos no arquivo...
Eventos salvos com sucesso em /opt/API/Historico_alertas.txt
Autenticando na API do Zabbix...
Login bem-sucedido!
Buscando eventos RESOLVED nos últimos 7 dias...
276 eventos encontrados.
Salvando eventos no arquivo...
Eventos salvos com sucesso em /opt/API/Historico_alertas.txt
Autenticando na API do Zabbix...
Login bem-sucedido!
Buscando eventos RESOLVED nos últimos 7 dias...
276 eventos encontrados.
Salvando eventos no arquivo...
Eventos salvos com sucesso em /opt/API/Historico_alertas.txt
Autenticando na API do Zabbix...
Login bem-sucedido!
Buscando eventos RESOLVED nos últimos 7 dias...
276 eventos encontrados.
Salvando eventos no arquivo...
Eventos salvos com sucesso em /opt/API/Historico_alertas.txt
Autenticando na API do Zabbix...
Login bem-sucedido!
Buscando eventos RESOLVED nos últimos 7 dias...
276 eventos encontrados.
Salvando eventos no arquivo...
Eventos salvos com sucesso em /opt/API/Historico_alertas.txt
Autenticando na API do Zabbix...
Login bem-sucedido!
Buscando eventos RESOLVED nos últimos 7 dias...
276 eventos encontrados.
Salvando eventos no arquivo...
Eventos salvos com sucesso em /opt/API/Historico_alertas.txt
Autenticando na API do Zabbix...
Login bem-sucedido!
Buscando eventos RESOLVED nos últimos 7 dias...
276 eventos encontrados.
Salvando eventos no arquivo...
Eventos salvos com sucesso em /opt/API/Historico_alertas.txt
Autenticando na API do Zabbix...
Login bem-sucedido!
Buscando eventos RESOLVED nos últimos 7 dias...
276 eventos encontrados.
Salvando eventos no arquivo...
Eventos salvos com sucesso em /opt/API/Historico_alertas.txt
Autenticando na API do Zabbix...
Login bem-sucedido!
Buscando eventos RESOLVED nos últimos 7 dias...
276 eventos encontrados.
Salvando eventos no arquivo...
Eventos salvos com sucesso em /opt/API/Historico_alertas.txt
Autenticando na API do Zabbix...
Login bem-sucedido!
Buscando eventos RESOLVED nos últimos 7 dias...
277 eventos encontrados.
Salvando eventos no arquivo...
Eventos salvos com sucesso em /opt/API/Historico_alertas.txt
Autenticando na API do Zabbix...
Login bem-sucedido!
Buscando eventos RESOLVED nos últimos 7 dias...
277 eventos encontrados.
Salvando eventos no arquivo...
Eventos salvos com sucesso em /opt/API/Historico_alertas.txt
Autenticando na API do Zabbix...
Login bem-sucedido!
Buscando eventos RESOLVED nos últimos 7 dias...
277 eventos encontrados.
Salvando eventos no arquivo...
Eventos salvos com sucesso em /opt/API/Historico_alertas.txt
Autenticando na API do Zabbix...
Login bem-sucedido!
Buscando eventos RESOLVED nos últimos 7 dias...
277 eventos encontrados.
Salvando eventos no arquivo...
Eventos salvos com sucesso em /opt/API/Historico_alertas.txt
Autenticando na API do Zabbix...
Login bem-sucedido!
Buscando eventos RESOLVED nos últimos 7 dias...
277 eventos encontrados.
Salvando eventos no arquivo...
Eventos salvos com sucesso em /opt/API/Historico_alertas.txt
Autenticando na API do Zabbix...
Login bem-sucedido!
Buscando eventos RESOLVED nos últimos 7 dias...
277 eventos encontrados.
Salvando eventos no arquivo...
Eventos salvos com sucesso em /opt/API/Historico_alertas.txt
Autenticando na API do Zabbix...
Login bem-sucedido!
Buscando eventos RESOLVED nos últimos 7 dias...
277 eventos encontrados.
Salvando eventos no arquivo...
Eventos salvos com sucesso em /opt/API/Historico_alertas.txt
Autenticando na API do Zabbix...
Login bem-sucedido!
Buscando eventos RESOLVED nos últimos 7 dias...
277 eventos encontrados.
Salvando eventos no arquivo...
Eventos salvos com sucesso em /opt/API/Historico_alertas.txt
